<?xml version="1.0" encoding="UTF-8" ?>
<testsuite errors="0" failures="0" hostname="Dyego" name="all bibtex" tests="1" time="1.657" timestamp="2014-01-10T21:14:53">
  <properties />
  <testcase classname="grails.plugin.cucumber.CucumberTest" name="show all bibtex" time="1.598" />
  <system-out><![CDATA[@i9n
Feature: all bibtex
  As a member
  I want to view all publications i have published in format of bibtex

--Output from show all bibtex--
  Scenario: show all bibtex                                              # BibtexGenerateFile.feature:6
    Given I am at the publications                                       # ConferenciaSteps.groovy:48
    When I select the export bibtex file option at the publications menu # BibtexGenerateFileSteps.groovy:5
    And I select Generate All BibTex option at the export bibtex page    # BibtexGenerateFileSteps.groovy:9
    Then I can see the bibtex details                                    # BibtexGenerateFileSteps.groovy:14
]]></system-out>
  <system-err><![CDATA[
--Output from show all bibtex--]]></system-err>
</testsuite>
