<?xml version="1.0" encoding="UTF-8" ?>
<testsuite errors="0" failures="0" hostname="Dyego" name="XMLImport" tests="1" time="2.406" timestamp="2014-01-12T20:05:20">
  <properties />
  <testcase classname="grails.plugin.cucumber.CucumberTest" name="upload publications without a file" time="2.354" />
  <system-out><![CDATA[@i9n
Feature: XMLImport
  As a member of a research group
  I want to import a xml file
  So that the system register the corresponding publications

--Output from upload publications without a file--
  Scenario: upload publications without a file                          # XMLImport.feature:13
    Given I am at the publications menu                                 # CommonSteps.groovy:8
    When I select the "Import XML File" option at the publications menu # CommonSteps.groovy:19
    And I select the upload button at the XML import page               # XMLImportSteps.groovy:84
    Then I'm still on XML import page                                   # XMLImportSteps.groovy:88
    And the publications are not stored by the system                   # XMLImportSteps.groovy:91
]]></system-out>
  <system-err><![CDATA[
--Output from upload publications without a file--]]></system-err>
</testsuite>
